<?xml version="1.0" encoding="UTF-8"?>
<!-- Generated by org.testng.reporters.JUnitReportReporter -->
<testsuite skipped="0" hostname="ketan" name="com.crm.qa.testcases.HomePageTest" tests="5" failures="0" timestamp="26 Sep 2018 14:46:34 GMT" time="117.246" errors="0">
  <testcase name="verifyHomePageTitleTest" time="23.481" classname="com.crm.qa.testcases.HomePageTest"/>
  <testcase name="verifyHomePageLogoTest" time="18.938" classname="com.crm.qa.testcases.HomePageTest"/>
  <testcase name="verifyDealsLinkTest" time="22.350" classname="com.crm.qa.testcases.HomePageTest"/>
  <testcase name="verifyContactsLinkTest" time="27.145" classname="com.crm.qa.testcases.HomePageTest"/>
  <testcase name="verifyTasksLinkTest" time="25.332" classname="com.crm.qa.testcases.HomePageTest"/>
</testsuite> <!-- com.crm.qa.testcases.HomePageTest -->
