<?xml version="1.0" encoding="UTF-8"?>
<!-- Generated by org.testng.reporters.JUnitReportReporter -->
<testsuite skipped="0" hostname="ketan" name="com.crm.qa.testcases.LoginPageTest" tests="3" failures="0" timestamp="10 Oct 2018 11:08:45 GMT" time="35.244" errors="0">
  <testcase name="loginPageTitleTest" time="9.222" classname="com.crm.qa.testcases.LoginPageTest"/>
  <testcase name="loginPageLogoTest" time="9.401" classname="com.crm.qa.testcases.LoginPageTest"/>
  <testcase name="loginTest" time="16.621" classname="com.crm.qa.testcases.LoginPageTest"/>
</testsuite> <!-- com.crm.qa.testcases.LoginPageTest -->
