<?xml version="1.0" encoding="UTF-8"?>
<!-- Generated by org.testng.reporters.JUnitReportReporter -->
<testsuite skipped="0" hostname="ketan" name="com.crm.qa.testcases.LoginPageTest" tests="3" failures="0" timestamp="11 Sep 2018 13:34:58 GMT" time="39.837" errors="0">
  <testcase name="loginPageTitleTest" time="11.443" classname="com.crm.qa.testcases.LoginPageTest"/>
  <testcase name="loginPageLogoTest" time="10.818" classname="com.crm.qa.testcases.LoginPageTest"/>
  <testcase name="loginTest" time="17.576" classname="com.crm.qa.testcases.LoginPageTest"/>
</testsuite> <!-- com.crm.qa.testcases.LoginPageTest -->
