<?xml version="1.0" encoding="UTF-8"?>
<!-- Generated by org.testng.reporters.JUnitReportReporter -->
<testsuite skipped="0" hostname="ketan" name="com.crm.qa.testcases.HomePageTest" tests="6" failures="0" timestamp="10 Oct 2018 11:08:45 GMT" time="108.420" errors="0">
  <testcase name="verifyHomePageTitleTest" time="16.020" classname="com.crm.qa.testcases.HomePageTest"/>
  <testcase name="verifyLoggedInUserTest" time="20.257" classname="com.crm.qa.testcases.HomePageTest"/>
  <testcase name="verifyHomePageLogoTest" time="17.706" classname="com.crm.qa.testcases.HomePageTest"/>
  <testcase name="verifyDealsLinkTest" time="16.958" classname="com.crm.qa.testcases.HomePageTest"/>
  <testcase name="verifyContactsLinkTest" time="16.396" classname="com.crm.qa.testcases.HomePageTest"/>
  <testcase name="verifyTasksLinkTest" time="21.083" classname="com.crm.qa.testcases.HomePageTest"/>
</testsuite> <!-- com.crm.qa.testcases.HomePageTest -->
