<?xml version="1.0" encoding="UTF-8"?>
<!-- Generated by org.testng.reporters.JUnitReportReporter -->
<testsuite skipped="0" hostname="ketan" name="com.crm.qa.testcases.LoginPageTest" tests="3" failures="0" timestamp="05 Sep 2018 14:51:54 GMT" time="45.090" errors="0">
  <testcase name="loginPageTitleTest" time="12.079" classname="com.crm.qa.testcases.LoginPageTest"/>
  <testcase name="loginPageLogoTest" time="11.615" classname="com.crm.qa.testcases.LoginPageTest"/>
  <testcase name="loginTest" time="21.396" classname="com.crm.qa.testcases.LoginPageTest"/>
</testsuite> <!-- com.crm.qa.testcases.LoginPageTest -->
