<?xml version="1.0" encoding="UTF-8"?>
<!-- Generated by org.testng.reporters.JUnitReportReporter -->
<testsuite skipped="1" hostname="ketan" name="com.crm.qa.testcases.ContactsPageTest" tests="4" failures="0" timestamp="25 Sep 2018 11:53:57 GMT" time="83.682" errors="0">
  <testcase name="verifyContactslabelTest" time="21.350" classname="com.crm.qa.testcases.ContactsPageTest"/>
  <testcase name="selectSingleContactsByNameTest" time="30.706" classname="com.crm.qa.testcases.ContactsPageTest"/>
  <testcase name="selectMultipleContactsByNameTest" time="31.626" classname="com.crm.qa.testcases.ContactsPageTest"/>
  <testcase name="createNewContactFromExcelDataTest" time="0.000" classname="com.crm.qa.testcases.ContactsPageTest">
    <skipped/>
  </testcase> <!-- createNewContactFromExcelDataTest -->
</testsuite> <!-- com.crm.qa.testcases.ContactsPageTest -->
