<?xml version="1.0" encoding="UTF-8"?>
<!-- Generated by org.testng.reporters.JUnitReportReporter -->
<testsuite skipped="0" hostname="ketan" name="com.crm.qa.testcases.LoginPageTest" tests="3" failures="0" timestamp="26 Sep 2018 14:39:40 GMT" time="49.451" errors="0">
  <testcase name="loginPageTitleTest" time="13.718" classname="com.crm.qa.testcases.LoginPageTest"/>
  <testcase name="loginPageLogoTest" time="10.220" classname="com.crm.qa.testcases.LoginPageTest"/>
  <testcase name="loginTest" time="25.513" classname="com.crm.qa.testcases.LoginPageTest"/>
</testsuite> <!-- com.crm.qa.testcases.LoginPageTest -->
