<?xml version="1.0" encoding="UTF-8"?>
<!-- Generated by org.testng.reporters.JUnitReportReporter -->
<testsuite skipped="0" hostname="ketan" name="com.crm.qa.testcases.LoginPageTest" tests="3" failures="0" timestamp="11 Sep 2018 07:50:54 GMT" time="67.250" errors="0">
  <testcase name="loginPageTitleTest" time="15.396" classname="com.crm.qa.testcases.LoginPageTest"/>
  <testcase name="loginPageLogoTest" time="15.911" classname="com.crm.qa.testcases.LoginPageTest"/>
  <testcase name="loginTest" time="35.943" classname="com.crm.qa.testcases.LoginPageTest"/>
</testsuite> <!-- com.crm.qa.testcases.LoginPageTest -->
