<?xml version="1.0" encoding="UTF-8"?>
<!-- Generated by org.testng.reporters.JUnitReportReporter -->
<testsuite skipped="0" hostname="ketan" name="com.crm.qa.testcases.LoginPageTest" tests="3" failures="0" timestamp="10 Sep 2018 14:02:54 GMT" time="60.670" errors="0">
  <testcase name="loginPageTitleTest" time="15.607" classname="com.crm.qa.testcases.LoginPageTest"/>
  <testcase name="loginPageLogoTest" time="16.281" classname="com.crm.qa.testcases.LoginPageTest"/>
  <testcase name="loginTest" time="28.782" classname="com.crm.qa.testcases.LoginPageTest"/>
</testsuite> <!-- com.crm.qa.testcases.LoginPageTest -->
