<?xml version="1.0" encoding="UTF-8"?>
<!-- Generated by org.testng.reporters.JUnitReportReporter -->
<testsuite skipped="0" hostname="ketan" name="com.crm.qa.testcases.HomePageTest" tests="1" failures="0" timestamp="21 Sep 2018 06:37:33 GMT" time="18.419" errors="0">
  <testcase name="verifyHomePageTitleTest" time="18.419" classname="com.crm.qa.testcases.HomePageTest"/>
</testsuite> <!-- com.crm.qa.testcases.HomePageTest -->
