<?xml version="1.0" encoding="UTF-8"?>
<!-- Generated by org.testng.reporters.JUnitReportReporter -->
<testsuite skipped="0" hostname="ketan" name="com.crm.qa.testcases.HomePageTest" tests="5" failures="0" timestamp="11 Sep 2018 13:54:41 GMT" time="114.079" errors="0">
  <testcase name="verifyHomePageTitleTest" time="21.452" classname="com.crm.qa.testcases.HomePageTest"/>
  <testcase name="verifyHomePageLogoTest" time="21.600" classname="com.crm.qa.testcases.HomePageTest"/>
  <testcase name="verifyDealsLinkTest" time="23.250" classname="com.crm.qa.testcases.HomePageTest"/>
  <testcase name="verifyContactsLinkTest" time="25.283" classname="com.crm.qa.testcases.HomePageTest"/>
  <testcase name="verifyTasksLinkTest" time="22.494" classname="com.crm.qa.testcases.HomePageTest"/>
</testsuite> <!-- com.crm.qa.testcases.HomePageTest -->
