<?xml version="1.0" encoding="UTF-8"?>
<!-- Generated by org.testng.reporters.JUnitReportReporter -->
<testsuite skipped="0" hostname="ketan" name="com.crm.qa.testcases.LoginPageTest" tests="3" failures="0" timestamp="10 Sep 2018 14:38:16 GMT" time="44.925" errors="0">
  <testcase name="loginPageTitleTest" time="12.155" classname="com.crm.qa.testcases.LoginPageTest"/>
  <testcase name="loginPageLogoTest" time="10.903" classname="com.crm.qa.testcases.LoginPageTest"/>
  <testcase name="loginTest" time="21.867" classname="com.crm.qa.testcases.LoginPageTest"/>
</testsuite> <!-- com.crm.qa.testcases.LoginPageTest -->
