<?xml version="1.0" encoding="UTF-8"?>
<!-- Generated by org.testng.reporters.JUnitReportReporter -->
<testsuite skipped="0" hostname="ketan" name="com.crm.qa.testcases.ContactsPageTest" tests="1" failures="0" timestamp="11 Sep 2018 13:36:19 GMT" time="22.063" errors="0">
  <testcase name="verifyContactslabelTest" time="22.063" classname="com.crm.qa.testcases.ContactsPageTest"/>
</testsuite> <!-- com.crm.qa.testcases.ContactsPageTest -->
