<?xml version="1.0" encoding="UTF-8"?>
<!-- Generated by org.testng.reporters.JUnitReportReporter -->
<testsuite skipped="0" hostname="ketan" name="com.crm.qa.testcases.HomePageTest" tests="1" failures="0" timestamp="11 Sep 2018 12:35:26 GMT" time="18.980" errors="0">
  <testcase name="verifyHomePageTitleTest" time="18.980" classname="com.crm.qa.testcases.HomePageTest"/>
</testsuite> <!-- com.crm.qa.testcases.HomePageTest -->
