<?xml version="1.0" encoding="UTF-8"?>
<!-- Generated by org.testng.reporters.JUnitReportReporter -->
<testsuite skipped="0" hostname="ketan" name="com.crm.qa.testcases.HomePageTest" tests="1" failures="0" timestamp="26 Sep 2018 10:24:53 GMT" time="27.489" errors="0">
  <testcase name="verifyHomePageTitleTest" time="27.489" classname="com.crm.qa.testcases.HomePageTest"/>
</testsuite> <!-- com.crm.qa.testcases.HomePageTest -->
