<?xml version="1.0" encoding="UTF-8"?>
<!-- Generated by org.testng.reporters.JUnitReportReporter -->
<testsuite skipped="0" hostname="ketan" name="com.crm.qa.testcases.ContactsPageTest" tests="11" failures="0" timestamp="06 Sep 2018 06:05:17 GMT" time="325.045" errors="0">
  <testcase name="verifyContactslabelTest" time="26.023" classname="com.crm.qa.testcases.ContactsPageTest"/>
  <testcase name="selectSingleContactsByNameTest" time="28.548" classname="com.crm.qa.testcases.ContactsPageTest"/>
  <testcase name="selectMultipleContactsByNameTest" time="27.953" classname="com.crm.qa.testcases.ContactsPageTest"/>
  <testcase name="createNewContactFromExcelDataTest" time="29.789" classname="com.crm.qa.testcases.ContactsPageTest"/>
  <testcase name="createNewContactFromExcelDataTest" time="28.125" classname="com.crm.qa.testcases.ContactsPageTest"/>
  <testcase name="createNewContactFromExcelDataTest" time="32.595" classname="com.crm.qa.testcases.ContactsPageTest"/>
  <testcase name="createNewContactFromExcelDataTest" time="31.109" classname="com.crm.qa.testcases.ContactsPageTest"/>
  <testcase name="createNewContactFromExcelDataTest" time="35.969" classname="com.crm.qa.testcases.ContactsPageTest"/>
  <testcase name="createNewContactFromExcelDataTest" time="28.702" classname="com.crm.qa.testcases.ContactsPageTest"/>
  <testcase name="createNewContactFromExcelDataTest" time="29.647" classname="com.crm.qa.testcases.ContactsPageTest"/>
  <testcase name="createNewContactFromExcelDataTest" time="26.585" classname="com.crm.qa.testcases.ContactsPageTest"/>
</testsuite> <!-- com.crm.qa.testcases.ContactsPageTest -->
