<?xml version="1.0" encoding="UTF-8"?>
<!-- Generated by org.testng.reporters.JUnitReportReporter -->
<testsuite skipped="0" hostname="ketan" name="com.crm.qa.testcases.ContactsPageTest" tests="1" failures="0" timestamp="11 Sep 2018 12:35:26 GMT" time="25.184" errors="0">
  <testcase name="verifyContactslabelTest" time="25.184" classname="com.crm.qa.testcases.ContactsPageTest"/>
</testsuite> <!-- com.crm.qa.testcases.ContactsPageTest -->
