<?xml version="1.0" encoding="UTF-8"?>
<!-- Generated by org.testng.reporters.JUnitReportReporter -->
<testsuite skipped="0" hostname="ketan" name="com.crm.qa.testcases.LoginPageTest" tests="3" failures="0" timestamp="06 Sep 2018 06:05:17 GMT" time="50.176" errors="0">
  <testcase name="loginPageTitleTest" time="9.500" classname="com.crm.qa.testcases.LoginPageTest"/>
  <testcase name="loginPageLogoTest" time="22.668" classname="com.crm.qa.testcases.LoginPageTest"/>
  <testcase name="loginTest" time="18.008" classname="com.crm.qa.testcases.LoginPageTest"/>
</testsuite> <!-- com.crm.qa.testcases.LoginPageTest -->
