<?xml version="1.0" encoding="UTF-8"?>
<!-- Generated by org.testng.reporters.JUnitReportReporter -->
<testsuite skipped="0" hostname="ketan" name="com.crm.qa.testcases.LoginPageTest" tests="1" failures="0" timestamp="12 Sep 2018 11:20:53 GMT" time="15.511" errors="0">
  <testcase name="loginPageTitleTest" time="15.511" classname="com.crm.qa.testcases.LoginPageTest"/>
</testsuite> <!-- com.crm.qa.testcases.LoginPageTest -->
