<?xml version="1.0" encoding="UTF-8"?>
<!-- Generated by org.testng.reporters.JUnitReportReporter -->
<testsuite skipped="0" hostname="ketan" name="com.crm.qa.testcases.HomePageTest" tests="1" failures="0" timestamp="10 Oct 2018 10:34:01 GMT" time="22.233" errors="0">
  <testcase name="verifyHomePageTitleTest" time="22.233" classname="com.crm.qa.testcases.HomePageTest"/>
</testsuite> <!-- com.crm.qa.testcases.HomePageTest -->
