<?xml version="1.0" encoding="UTF-8"?>
<!-- Generated by org.testng.reporters.JUnitReportReporter -->
<testsuite skipped="0" hostname="ketan" name="com.crm.qa.testcases.LoginPageTest" tests="1" failures="0" timestamp="11 Sep 2018 13:36:19 GMT" time="10.765" errors="0">
  <testcase name="loginPageTitleTest" time="10.765" classname="com.crm.qa.testcases.LoginPageTest"/>
</testsuite> <!-- com.crm.qa.testcases.LoginPageTest -->
