<?xml version="1.0" encoding="UTF-8"?>
<!-- Generated by org.testng.reporters.JUnitReportReporter -->
<testsuite skipped="0" hostname="ketan" name="com.crm.qa.testcases.HomePageTest" tests="1" failures="0" timestamp="12 Sep 2018 11:20:53 GMT" time="23.300" errors="0">
  <testcase name="verifyHomePageTitleTest" time="23.300" classname="com.crm.qa.testcases.HomePageTest"/>
</testsuite> <!-- com.crm.qa.testcases.HomePageTest -->
